<?xml version="1.0" encoding="UTF-8"?>
<!-- Generated by org.testng.reporters.JUnitReportReporter -->
<testsuite skipped="0" hostname="abhijeets-air.lan" name="com.dista.testautoamtion.TestCreateAsset" tests="2" failures="0" timestamp="30 Aug 2018 05:56:33 GMT" time="0.022" errors="0">
  <testcase name="createAssetOne" time="0.019" classname="com.dista.testautoamtion.TestCreateAsset"/>
  <testcase name="createAssetTwo" time="0.003" classname="com.dista.testautoamtion.TestCreateAsset"/>
</testsuite> <!-- com.dista.testautoamtion.TestCreateAsset -->
