<?xml version="1.0" encoding="UTF-8"?>
<!-- Generated by org.testng.reporters.JUnitReportReporter -->
<testsuite skipped="0" hostname="abhijeets-air.lan" name="com.dista.test.automation.TestCreateStore" tests="1" failures="0" timestamp="31 Aug 2018 07:11:29 GMT" time="0.005" errors="0">
  <testcase name="createStoreOne" time="0.005" classname="com.dista.test.automation.TestCreateStore"/>
</testsuite> <!-- com.dista.test.automation.TestCreateStore -->
